[debug] > Exec(early(addDefaultCommands), None, None)
[debug] > Exec(addDefaultCommands, None, None)
[debug] > Exec(early(initialize), None, None)
[debug] > Exec(initialize, None, None)
[debug] > Exec(early(addPluginSbtFile="""C:\Users\ahmad\AppData\Local\Temp\idea.sbt"""), None, None)
[debug] > Exec(addPluginSbtFile="""C:\Users\ahmad\AppData\Local\Temp\idea.sbt""", None, None)
[debug] > Exec(boot, None, None)
[debug] > Exec(writeSbtVersion, None, None)
[debug] > Exec(reload, None, None)
[debug] > Exec(sbtStashOnFailure, None, None)
[debug] > Exec(onFailure loadFailed, None, None)
[debug] > Exec(loadp, None, None)
[info] welcome to sbt 1.11.7 (Microsoft Java 11.0.29)
[debug] Load.defaultLoad until apply took 130.5775ms
[debug]           Load.loadUnit: plugins took 87.3781ms
[debug]           Load.loadUnit: defsScala took 0.9518ms
[debug] [Loading] Scanning directory C:\Users\ahmad\Desktop\tring big data\final-project\project
[debug]             Load.loadUnit: mkEval took 10.4156ms
[debug] [Loading] Found non-root projects 
[debug] [Loading] Done in C:\Users\ahmad\Desktop\tring big data\final-project\project, returning: ()
[debug] deducing auto plugins based on known facts Set(Atom(sbt.plugins.CorePlugin)) and clauses Clauses(Clause(Atom(sbt.plugins.JvmPlugin),Set(Atom(sbt.plugins.IvyPlugin)))
[debug] Clause(Atom(sbt.ScriptedPlugin),Set(Atom(sbt.plugins.JvmPlugin)))
[debug] Clause(Atom(sbt.plugins.SbtPlugin),Set(Atom(sbt.ScriptedPlugin)))
[debug] Clause(Atom(sbt.plugins.SemanticdbPlugin),Set(Atom(sbt.plugins.JvmPlugin)))
[debug] Clause(Atom(sbt.plugins.JUnitXmlReportPlugin),Set(Atom(sbt.plugins.JvmPlugin)))
[debug] Clause(Atom(sbt.plugins.MiniDependencyTreePlugin),Set(Atom(sbt.plugins.JvmPlugin)))
[debug] Clause(Atom(sbt.plugins.CorePlugin),Set(Atom(sbt.plugins.IvyPlugin)))
[debug] Clause(Atom(sbt.plugins.IvyPlugin),Set(Atom(sbt.plugins.JvmPlugin)))
[debug] Clause(Atom(sbt.plugins.JvmPlugin),Set(Atom(sbt.plugins.SemanticdbPlugin)))
[debug] Clause(Atom(sbt.plugins.JvmPlugin),Set(Atom(sbt.plugins.JUnitXmlReportPlugin)))
[debug] Clause(Atom(sbt.plugins.CorePlugin),Set(Atom(sbt.plugins.Giter8TemplatePlugin)))
[debug] Clause(Atom(sbt.plugins.JvmPlugin),Set(Atom(sbt.plugins.MiniDependencyTreePlugin))))
[debug]   :: deduced result: Matched(sbt.plugins.CorePlugin,sbt.plugins.Giter8TemplatePlugin,sbt.plugins.IvyPlugin,sbt.plugins.JvmPlugin,sbt.plugins.MiniDependencyTreePlugin,sbt.plugins.JUnitXmlReportPlugin,sbt.plugins.SemanticdbPlugin)
[debug] Plugins.deducer#function took 75.5229 ms
[info] loading settings for project final-project-build from idea.sbt...
[debug]               Load.resolveProject(final-project-build) took 86.6881ms
[debug]             Load.loadTransitive: finalizeProject(Project(id final-project-build, base: C:\Users\ahmad\Desktop\tring big data\final-project\project, plugins: List(<none>))) took 252.6431ms
[debug] [Loading] Done in C:\Users\ahmad\Desktop\tring big data\final-project\project, returning: (final-project-build)
[debug]           Load.loadUnit: loadedProjectsRaw took 641.8049ms
[debug]           Load.loadUnit: cleanEvalClasses took 5.3157ms
[debug]         Load.loadUnit(file:/C:/Users/ahmad/Desktop/tring%20big%20data/final-project/project/, ...) took 740.9577ms
[debug]       Load.apply: load took 963.1181ms
[debug]       Load.apply: resolveProjects took 6.4211ms
[debug]       Load.apply: finalTransforms took 98.7977ms
[debug]       Load.apply: config.delegates took 14.7486ms
[debug]       Load.apply: Def.make(settings)... took 661.9263ms
[debug]       Load.apply: structureIndex took 132.294ms
[debug]       Load.apply: mkStreams took 4.6682ms
[info] loading project definition from C:\Users\ahmad\Desktop\tring big data\final-project\project
[debug] Running task... Cancel: Signal, check cycles: false, forcegc: true
[debug]     Load.loadUnit: plugins took 3202.7306ms
[debug]     Load.loadUnit: defsScala took 0.0025ms
[debug] [Loading] Scanning directory C:\Users\ahmad\Desktop\tring big data\final-project
[debug]       Load.loadUnit: mkEval took 0.2937ms
[debug] [Loading] Found root project root w/ remaining 
[debug] deducing auto plugins based on known facts Set(Atom(sbt.plugins.CorePlugin)) and clauses Clauses(Clause(Atom(sbt.plugins.JvmPlugin),Set(Atom(sbt.plugins.IvyPlugin)))
[debug] Clause(Atom(sbt.ScriptedPlugin),Set(Atom(sbt.plugins.JvmPlugin)))
[debug] Clause(Atom(sbt.plugins.SbtPlugin),Set(Atom(sbt.ScriptedPlugin)))
[debug] Clause(Atom(sbt.plugins.SemanticdbPlugin),Set(Atom(sbt.plugins.JvmPlugin)))
[debug] Clause(Atom(sbt.plugins.JUnitXmlReportPlugin),Set(Atom(sbt.plugins.JvmPlugin)))
[debug] Clause(Atom(sbt.plugins.MiniDependencyTreePlugin),Set(Atom(sbt.plugins.JvmPlugin)))
[debug] Clause(Atom(org.jetbrains.sbt.StructurePlugin),Set(Atom(sbt.plugins.JvmPlugin)))
[debug] Clause(Atom(org.jetbrains.sbt.IdeaShellPlugin),Set(Atom(sbt.plugins.JvmPlugin)))
[debug] Clause(Atom(sbt.plugins.CorePlugin),Set(Atom(sbt.plugins.IvyPlugin)))
[debug] Clause(Atom(sbt.plugins.IvyPlugin),Set(Atom(sbt.plugins.JvmPlugin)))
[debug] Clause(Atom(sbt.plugins.JvmPlugin),Set(Atom(sbt.plugins.SemanticdbPlugin)))
[debug] Clause(Atom(sbt.plugins.JvmPlugin),Set(Atom(sbt.plugins.JUnitXmlReportPlugin)))
[debug] Clause(Atom(sbt.plugins.CorePlugin),Set(Atom(sbt.plugins.Giter8TemplatePlugin)))
[debug] Clause(Atom(sbt.plugins.JvmPlugin),Set(Atom(sbt.plugins.MiniDependencyTreePlugin)))
[debug] Clause(Atom(sbt.plugins.JvmPlugin),Set(Atom(org.jetbrains.sbt.StructurePlugin)))
[debug] Clause(Atom(sbt.plugins.JvmPlugin),Set(Atom(org.jetbrains.sbt.IdeaShellPlugin))))
[debug]   :: deduced result: Matched(sbt.plugins.CorePlugin,sbt.plugins.Giter8TemplatePlugin,sbt.plugins.IvyPlugin,sbt.plugins.JvmPlugin,sbt.plugins.SemanticdbPlugin,sbt.plugins.JUnitXmlReportPlugin,org.jetbrains.sbt.IdeaShellPlugin,org.jetbrains.sbt.StructurePlugin,sbt.plugins.MiniDependencyTreePlugin)
[debug] Plugins.deducer#function took 1.7322 ms
[info] loading settings for project root from build.sbt...
[debug]         Load.resolveProject(root) took 44.6323ms
[debug]       Load.loadTransitive: finalizeProject(Project(id root, base: C:\Users\ahmad\Desktop\tring big data\final-project, plugins: List(<none>))) took 47.8634ms
[debug] [Loading] Done in C:\Users\ahmad\Desktop\tring big data\final-project, returning: (root)
[debug]     Load.loadUnit: loadedProjectsRaw took 160.6426ms
[debug]     Load.loadUnit: cleanEvalClasses took 1.5937ms
[debug]   Load.loadUnit(file:/C:/Users/ahmad/Desktop/tring%20big%20data/final-project/, ...) took 3366.5769ms
[debug] Load.apply: load took 3385.295ms
[debug] Load.apply: resolveProjects took 0.1139ms
[debug] Load.apply: finalTransforms took 45.2444ms
[debug] Load.apply: config.delegates took 0.3795ms
[debug] Load.apply: Def.make(settings)... took 116.9305ms
[debug] Load.apply: structureIndex took 28.9652ms
[debug] Load.apply: mkStreams took 0.0022ms
[info] set current project to final-project (in build file:/C:/Users/ahmad/Desktop/tring%20big%20data/final-project/)
[debug] > Exec(sbtPopOnFailure, None, None)
[debug] > Exec(resumeFromFailure, None, None)
[debug] > Exec(notifyUsersAboutShell, None, None)
[debug] > Exec(iflast shell, None, None)
[debug] > Exec(idea-shell, None, None)
