[debug] > Exec(early(addDefaultCommands), None, None)
[debug] > Exec(addDefaultCommands, None, None)
[debug] > Exec(early(initialize), None, None)
[debug] > Exec(initialize, None, None)
[debug] > Exec(early(addPluginSbtFile="""C:\Users\ahmad\AppData\Local\Temp\idea.sbt"""), None, None)
[debug] > Exec(addPluginSbtFile="""C:\Users\ahmad\AppData\Local\Temp\idea.sbt""", None, None)
[debug] > Exec(boot, None, None)
[debug] > Exec(writeSbtVersion, None, None)
[debug] > Exec(reload, None, None)
[debug] > Exec(sbtStashOnFailure, None, None)
[debug] > Exec(onFailure loadFailed, None, None)
[debug] > Exec(loadp, None, None)
[info] welcome to sbt 1.11.7 (Microsoft Java 11.0.29)
[debug] Load.defaultLoad until apply took 160.1905ms
[debug]           Load.loadUnit: plugins took 181.6912ms
[debug]           Load.loadUnit: defsScala took 0.4791ms
[debug] [Loading] Scanning directory C:\Users\ahmad\Desktop\tring big data\final-project\project
[debug]             Load.loadUnit: mkEval took 16.9073ms
[debug] [Loading] Found non-root projects 
[debug] [Loading] Done in C:\Users\ahmad\Desktop\tring big data\final-project\project, returning: ()
[debug] deducing auto plugins based on known facts Set(Atom(sbt.plugins.CorePlugin)) and clauses Clauses(Clause(Atom(sbt.plugins.JvmPlugin),Set(Atom(sbt.plugins.IvyPlugin)))
[debug] Clause(Atom(sbt.ScriptedPlugin),Set(Atom(sbt.plugins.JvmPlugin)))
[debug] Clause(Atom(sbt.plugins.SbtPlugin),Set(Atom(sbt.ScriptedPlugin)))
[debug] Clause(Atom(sbt.plugins.SemanticdbPlugin),Set(Atom(sbt.plugins.JvmPlugin)))
[debug] Clause(Atom(sbt.plugins.JUnitXmlReportPlugin),Set(Atom(sbt.plugins.JvmPlugin)))
[debug] Clause(Atom(sbt.plugins.MiniDependencyTreePlugin),Set(Atom(sbt.plugins.JvmPlugin)))
[debug] Clause(Atom(sbt.plugins.CorePlugin),Set(Atom(sbt.plugins.IvyPlugin)))
[debug] Clause(Atom(sbt.plugins.IvyPlugin),Set(Atom(sbt.plugins.JvmPlugin)))
[debug] Clause(Atom(sbt.plugins.JvmPlugin),Set(Atom(sbt.plugins.SemanticdbPlugin)))
[debug] Clause(Atom(sbt.plugins.JvmPlugin),Set(Atom(sbt.plugins.JUnitXmlReportPlugin)))
[debug] Clause(Atom(sbt.plugins.CorePlugin),Set(Atom(sbt.plugins.Giter8TemplatePlugin)))
[debug] Clause(Atom(sbt.plugins.JvmPlugin),Set(Atom(sbt.plugins.MiniDependencyTreePlugin))))
[debug]   :: deduced result: Matched(sbt.plugins.CorePlugin,sbt.plugins.Giter8TemplatePlugin,sbt.plugins.IvyPlugin,sbt.plugins.JvmPlugin,sbt.plugins.MiniDependencyTreePlugin,sbt.plugins.JUnitXmlReportPlugin,sbt.plugins.SemanticdbPlugin)
[debug] Plugins.deducer#function took 43.3399 ms
[info] loading settings for project final-project-build from idea.sbt...
[debug]               Load.resolveProject(final-project-build) took 98.6856ms
[debug]             Load.loadTransitive: finalizeProject(Project(id final-project-build, base: C:\Users\ahmad\Desktop\tring big data\final-project\project, plugins: List(<none>))) took 172.6299ms
[debug] [Loading] Done in C:\Users\ahmad\Desktop\tring big data\final-project\project, returning: (final-project-build)
[debug]           Load.loadUnit: loadedProjectsRaw took 4376.9262ms
[debug]           Load.loadUnit: cleanEvalClasses took 15.8014ms
[debug]         Load.loadUnit(file:/C:/Users/ahmad/Desktop/tring%20big%20data/final-project/project/, ...) took 4586.5354ms
[debug]       Load.apply: load took 4878.2862ms
[debug]       Load.apply: resolveProjects took 12.8569ms
[debug]       Load.apply: finalTransforms took 157.1533ms
[debug]       Load.apply: config.delegates took 21.7615ms
[debug]       Load.apply: Def.make(settings)... took 835.1527ms
[debug]       Load.apply: structureIndex took 233.4434ms
[debug]       Load.apply: mkStreams took 2.6409ms
[info] loading project definition from C:\Users\ahmad\Desktop\tring big data\final-project\project
[debug] Running task... Cancel: Signal, check cycles: false, forcegc: true
[debug]     Load.loadUnit: plugins took 10166.4654ms
[debug]     Load.loadUnit: defsScala took 0.0039ms
[debug] [Loading] Scanning directory C:\Users\ahmad\Desktop\tring big data\final-project
[debug]       Load.loadUnit: mkEval took 0.438ms
[debug] [Loading] Found root project root w/ remaining 
[debug] deducing auto plugins based on known facts Set(Atom(sbt.plugins.CorePlugin)) and clauses Clauses(Clause(Atom(sbt.plugins.JvmPlugin),Set(Atom(sbt.plugins.IvyPlugin)))
[debug] Clause(Atom(sbt.ScriptedPlugin),Set(Atom(sbt.plugins.JvmPlugin)))
[debug] Clause(Atom(sbt.plugins.SbtPlugin),Set(Atom(sbt.ScriptedPlugin)))
[debug] Clause(Atom(sbt.plugins.SemanticdbPlugin),Set(Atom(sbt.plugins.JvmPlugin)))
[debug] Clause(Atom(sbt.plugins.JUnitXmlReportPlugin),Set(Atom(sbt.plugins.JvmPlugin)))
[debug] Clause(Atom(sbt.plugins.MiniDependencyTreePlugin),Set(Atom(sbt.plugins.JvmPlugin)))
[debug] Clause(Atom(org.jetbrains.sbt.StructurePlugin),Set(Atom(sbt.plugins.JvmPlugin)))
[debug] Clause(Atom(org.jetbrains.sbt.IdeaShellPlugin),Set(Atom(sbt.plugins.JvmPlugin)))
[debug] Clause(Atom(sbt.plugins.CorePlugin),Set(Atom(sbt.plugins.IvyPlugin)))
[debug] Clause(Atom(sbt.plugins.IvyPlugin),Set(Atom(sbt.plugins.JvmPlugin)))
[debug] Clause(Atom(sbt.plugins.JvmPlugin),Set(Atom(sbt.plugins.SemanticdbPlugin)))
[debug] Clause(Atom(sbt.plugins.JvmPlugin),Set(Atom(sbt.plugins.JUnitXmlReportPlugin)))
[debug] Clause(Atom(sbt.plugins.CorePlugin),Set(Atom(sbt.plugins.Giter8TemplatePlugin)))
[debug] Clause(Atom(sbt.plugins.JvmPlugin),Set(Atom(sbt.plugins.MiniDependencyTreePlugin)))
[debug] Clause(Atom(sbt.plugins.JvmPlugin),Set(Atom(org.jetbrains.sbt.StructurePlugin)))
[debug] Clause(Atom(sbt.plugins.JvmPlugin),Set(Atom(org.jetbrains.sbt.IdeaShellPlugin))))
[debug]   :: deduced result: Matched(sbt.plugins.CorePlugin,sbt.plugins.Giter8TemplatePlugin,sbt.plugins.IvyPlugin,sbt.plugins.JvmPlugin,sbt.plugins.SemanticdbPlugin,sbt.plugins.JUnitXmlReportPlugin,org.jetbrains.sbt.IdeaShellPlugin,org.jetbrains.sbt.StructurePlugin,sbt.plugins.MiniDependencyTreePlugin)
[debug] Plugins.deducer#function took 6.4872 ms
[info] loading settings for project root from build.sbt...
[debug]         Load.resolveProject(root) took 68.5937ms
[debug]       Load.loadTransitive: finalizeProject(Project(id root, base: C:\Users\ahmad\Desktop\tring big data\final-project, plugins: List(<none>))) took 77.1824ms
[debug] [Loading] Done in C:\Users\ahmad\Desktop\tring big data\final-project, returning: (root)
[debug]     Load.loadUnit: loadedProjectsRaw took 1969.1917ms
[debug]     Load.loadUnit: cleanEvalClasses took 12.5983ms
[debug]   Load.loadUnit(file:/C:/Users/ahmad/Desktop/tring%20big%20data/final-project/, ...) took 12152.31ms
[debug] Load.apply: load took 12202.1923ms
[debug] Load.apply: resolveProjects took 0.186ms
[debug] Load.apply: finalTransforms took 96.4537ms
[debug] Load.apply: config.delegates took 0.4908ms
[debug] Load.apply: Def.make(settings)... took 186.1794ms
[debug] Load.apply: structureIndex took 62.6412ms
[debug] Load.apply: mkStreams took 0.0041ms
[info] set current project to final-project (in build file:/C:/Users/ahmad/Desktop/tring%20big%20data/final-project/)
[debug] > Exec(sbtPopOnFailure, None, None)
[debug] > Exec(resumeFromFailure, None, None)
[debug] > Exec(notifyUsersAboutShell, None, None)
[debug] > Exec(iflast shell, None, None)
[debug] > Exec(idea-shell, None, None)
