[debug] > Exec(early(addDefaultCommands), None, None)
[debug] > Exec(addDefaultCommands, None, None)
[debug] > Exec(early(initialize), None, None)
[debug] > Exec(initialize, None, None)
[debug] > Exec(early(addPluginSbtFile="""C:\Users\ahmad\AppData\Local\Temp\idea.sbt"""), None, None)
[debug] > Exec(addPluginSbtFile="""C:\Users\ahmad\AppData\Local\Temp\idea.sbt""", None, None)
[debug] > Exec(boot, None, None)
[debug] > Exec(writeSbtVersion, None, None)
[debug] > Exec(reload, None, None)
[debug] > Exec(sbtStashOnFailure, None, None)
[debug] > Exec(onFailure loadFailed, None, None)
[debug] > Exec(loadp, None, None)
[info] welcome to sbt 1.11.7 (Microsoft Java 11.0.29)
[debug] Load.defaultLoad until apply took 83.5008ms
[debug]           Load.loadUnit: plugins took 88.5509ms
[debug]           Load.loadUnit: defsScala took 0.2195ms
[debug] [Loading] Scanning directory C:\Users\ahmad\Desktop\tring big data\final-project\project
[debug]             Load.loadUnit: mkEval took 6.9693ms
[debug] [Loading] Found non-root projects 
[debug] [Loading] Done in C:\Users\ahmad\Desktop\tring big data\final-project\project, returning: ()
[debug] deducing auto plugins based on known facts Set(Atom(sbt.plugins.CorePlugin)) and clauses Clauses(Clause(Atom(sbt.plugins.JvmPlugin),Set(Atom(sbt.plugins.IvyPlugin)))
[debug] Clause(Atom(sbt.ScriptedPlugin),Set(Atom(sbt.plugins.JvmPlugin)))
[debug] Clause(Atom(sbt.plugins.SbtPlugin),Set(Atom(sbt.ScriptedPlugin)))
[debug] Clause(Atom(sbt.plugins.SemanticdbPlugin),Set(Atom(sbt.plugins.JvmPlugin)))
[debug] Clause(Atom(sbt.plugins.JUnitXmlReportPlugin),Set(Atom(sbt.plugins.JvmPlugin)))
[debug] Clause(Atom(sbt.plugins.MiniDependencyTreePlugin),Set(Atom(sbt.plugins.JvmPlugin)))
[debug] Clause(Atom(sbt.plugins.CorePlugin),Set(Atom(sbt.plugins.IvyPlugin)))
[debug] Clause(Atom(sbt.plugins.IvyPlugin),Set(Atom(sbt.plugins.JvmPlugin)))
[debug] Clause(Atom(sbt.plugins.JvmPlugin),Set(Atom(sbt.plugins.SemanticdbPlugin)))
[debug] Clause(Atom(sbt.plugins.JvmPlugin),Set(Atom(sbt.plugins.JUnitXmlReportPlugin)))
[debug] Clause(Atom(sbt.plugins.CorePlugin),Set(Atom(sbt.plugins.Giter8TemplatePlugin)))
[debug] Clause(Atom(sbt.plugins.JvmPlugin),Set(Atom(sbt.plugins.MiniDependencyTreePlugin))))
[debug]   :: deduced result: Matched(sbt.plugins.CorePlugin,sbt.plugins.Giter8TemplatePlugin,sbt.plugins.IvyPlugin,sbt.plugins.JvmPlugin,sbt.plugins.MiniDependencyTreePlugin,sbt.plugins.JUnitXmlReportPlugin,sbt.plugins.SemanticdbPlugin)
[debug] Plugins.deducer#function took 18.498 ms
[info] loading settings for project final-project-build from idea.sbt...
[debug]               Load.resolveProject(final-project-build) took 46.1241ms
[debug]             Load.loadTransitive: finalizeProject(Project(id final-project-build, base: C:\Users\ahmad\Desktop\tring big data\final-project\project, plugins: List(<none>))) took 97.4923ms
[debug] [Loading] Done in C:\Users\ahmad\Desktop\tring big data\final-project\project, returning: (final-project-build)
[debug]           Load.loadUnit: loadedProjectsRaw took 403.1394ms
[debug]           Load.loadUnit: cleanEvalClasses took 5.3521ms
[debug]         Load.loadUnit(file:/C:/Users/ahmad/Desktop/tring%20big%20data/final-project/project/, ...) took 501.5383ms
[debug]       Load.apply: load took 635.0958ms
[debug]       Load.apply: resolveProjects took 4.2054ms
[debug]       Load.apply: finalTransforms took 64.3233ms
[debug]       Load.apply: config.delegates took 14.8092ms
[debug]       Load.apply: Def.make(settings)... took 526.3629ms
[debug]       Load.apply: structureIndex took 116.2545ms
[debug]       Load.apply: mkStreams took 2.0061ms
[info] loading project definition from C:\Users\ahmad\Desktop\tring big data\final-project\project
[debug] Running task... Cancel: Signal, check cycles: false, forcegc: true
[debug]     Load.loadUnit: plugins took 2550.2489ms
[debug]     Load.loadUnit: defsScala took 0.0075ms
[debug] [Loading] Scanning directory C:\Users\ahmad\Desktop\tring big data\final-project
[debug]       Load.loadUnit: mkEval took 0.4432ms
[debug] [Loading] Found root project root w/ remaining 
[debug] deducing auto plugins based on known facts Set(Atom(sbt.plugins.CorePlugin)) and clauses Clauses(Clause(Atom(sbt.plugins.JvmPlugin),Set(Atom(sbt.plugins.IvyPlugin)))
[debug] Clause(Atom(sbt.ScriptedPlugin),Set(Atom(sbt.plugins.JvmPlugin)))
[debug] Clause(Atom(sbt.plugins.SbtPlugin),Set(Atom(sbt.ScriptedPlugin)))
[debug] Clause(Atom(sbt.plugins.SemanticdbPlugin),Set(Atom(sbt.plugins.JvmPlugin)))
[debug] Clause(Atom(sbt.plugins.JUnitXmlReportPlugin),Set(Atom(sbt.plugins.JvmPlugin)))
[debug] Clause(Atom(sbt.plugins.MiniDependencyTreePlugin),Set(Atom(sbt.plugins.JvmPlugin)))
[debug] Clause(Atom(org.jetbrains.sbt.StructurePlugin),Set(Atom(sbt.plugins.JvmPlugin)))
[debug] Clause(Atom(org.jetbrains.sbt.IdeaShellPlugin),Set(Atom(sbt.plugins.JvmPlugin)))
[debug] Clause(Atom(sbt.plugins.CorePlugin),Set(Atom(sbt.plugins.IvyPlugin)))
[debug] Clause(Atom(sbt.plugins.IvyPlugin),Set(Atom(sbt.plugins.JvmPlugin)))
[debug] Clause(Atom(sbt.plugins.JvmPlugin),Set(Atom(sbt.plugins.SemanticdbPlugin)))
[debug] Clause(Atom(sbt.plugins.JvmPlugin),Set(Atom(sbt.plugins.JUnitXmlReportPlugin)))
[debug] Clause(Atom(sbt.plugins.CorePlugin),Set(Atom(sbt.plugins.Giter8TemplatePlugin)))
[debug] Clause(Atom(sbt.plugins.JvmPlugin),Set(Atom(sbt.plugins.MiniDependencyTreePlugin)))
[debug] Clause(Atom(sbt.plugins.JvmPlugin),Set(Atom(org.jetbrains.sbt.StructurePlugin)))
[debug] Clause(Atom(sbt.plugins.JvmPlugin),Set(Atom(org.jetbrains.sbt.IdeaShellPlugin))))
[debug]   :: deduced result: Matched(sbt.plugins.CorePlugin,sbt.plugins.Giter8TemplatePlugin,sbt.plugins.IvyPlugin,sbt.plugins.JvmPlugin,sbt.plugins.SemanticdbPlugin,sbt.plugins.JUnitXmlReportPlugin,org.jetbrains.sbt.IdeaShellPlugin,org.jetbrains.sbt.StructurePlugin,sbt.plugins.MiniDependencyTreePlugin)
[debug] Plugins.deducer#function took 3.273 ms
[info] loading settings for project root from build.sbt...
[debug]         Load.resolveProject(root) took 46.1245ms
[debug]       Load.loadTransitive: finalizeProject(Project(id root, base: C:\Users\ahmad\Desktop\tring big data\final-project, plugins: List(<none>))) took 51.6907ms
[debug] [Loading] Done in C:\Users\ahmad\Desktop\tring big data\final-project, returning: (root)
[debug]     Load.loadUnit: loadedProjectsRaw took 218.9802ms
[debug]     Load.loadUnit: cleanEvalClasses took 2.5571ms
[debug]   Load.loadUnit(file:/C:/Users/ahmad/Desktop/tring%20big%20data/final-project/, ...) took 2774.2305ms
[debug] Load.apply: load took 2793.0471ms
[debug] Load.apply: resolveProjects took 0.1667ms
[debug] Load.apply: finalTransforms took 91.9134ms
[debug] Load.apply: config.delegates took 0.4081ms
[debug] Load.apply: Def.make(settings)... took 232.3012ms
[debug] Load.apply: structureIndex took 48.7518ms
[debug] Load.apply: mkStreams took 0.0033ms
[info] set current project to final-project (in build file:/C:/Users/ahmad/Desktop/tring%20big%20data/final-project/)
[debug] > Exec(sbtPopOnFailure, None, None)
[debug] > Exec(resumeFromFailure, None, None)
[debug] > Exec(notifyUsersAboutShell, None, None)
[debug] > Exec(iflast shell, None, None)
[debug] > Exec(idea-shell, None, None)
