[debug] > Exec(;reload; set _root_.org.jetbrains.sbt.StructureKeys.sbtStructureOptions in Global := "download, resolveSourceClassifiers, resolveSbtClassifiers" ;preferScala2;*/*:dumpStructureTo C:/Users/ahmad/AppData/Local/Temp/sbt-structure.xml; session clear-all, None, None)
[debug] > Exec(reload, None, None)
[debug] > Exec(sbtStashOnFailure, None, None)
[debug] > Exec(onFailure loadFailed, None, None)
[debug] > Exec(loadp, None, None)
[info] welcome to sbt 1.11.7 (Microsoft Java 11.0.29)
[debug] Load.defaultLoad until apply took 2.3356ms
[debug]           Load.loadUnit: plugins took 22.523ms
[debug]           Load.loadUnit: defsScala took 0.0025ms
[debug] [Loading] Scanning directory C:\Users\ahmad\Desktop\tring big data\final-project\project
[debug]             Load.loadUnit: mkEval took 0.27ms
[debug] [Loading] Found non-root projects 
[debug] [Loading] Done in C:\Users\ahmad\Desktop\tring big data\final-project\project, returning: ()
[debug] deducing auto plugins based on known facts Set(Atom(sbt.plugins.CorePlugin)) and clauses Clauses(Clause(Atom(sbt.plugins.JvmPlugin),Set(Atom(sbt.plugins.IvyPlugin)))
[debug] Clause(Atom(sbt.ScriptedPlugin),Set(Atom(sbt.plugins.JvmPlugin)))
[debug] Clause(Atom(sbt.plugins.SbtPlugin),Set(Atom(sbt.ScriptedPlugin)))
[debug] Clause(Atom(sbt.plugins.SemanticdbPlugin),Set(Atom(sbt.plugins.JvmPlugin)))
[debug] Clause(Atom(sbt.plugins.JUnitXmlReportPlugin),Set(Atom(sbt.plugins.JvmPlugin)))
[debug] Clause(Atom(sbt.plugins.MiniDependencyTreePlugin),Set(Atom(sbt.plugins.JvmPlugin)))
[debug] Clause(Atom(sbt.plugins.CorePlugin),Set(Atom(sbt.plugins.IvyPlugin)))
[debug] Clause(Atom(sbt.plugins.IvyPlugin),Set(Atom(sbt.plugins.JvmPlugin)))
[debug] Clause(Atom(sbt.plugins.JvmPlugin),Set(Atom(sbt.plugins.SemanticdbPlugin)))
[debug] Clause(Atom(sbt.plugins.JvmPlugin),Set(Atom(sbt.plugins.JUnitXmlReportPlugin)))
[debug] Clause(Atom(sbt.plugins.CorePlugin),Set(Atom(sbt.plugins.Giter8TemplatePlugin)))
[debug] Clause(Atom(sbt.plugins.JvmPlugin),Set(Atom(sbt.plugins.MiniDependencyTreePlugin))))
[debug]   :: deduced result: Matched(sbt.plugins.CorePlugin,sbt.plugins.Giter8TemplatePlugin,sbt.plugins.IvyPlugin,sbt.plugins.JvmPlugin,sbt.plugins.MiniDependencyTreePlugin,sbt.plugins.JUnitXmlReportPlugin,sbt.plugins.SemanticdbPlugin)
[debug] Plugins.deducer#function took 2.0783 ms
[info] loading settings for project final-project-build from idea1.sbt...
[debug]               Load.resolveProject(final-project-build) took 1.7583ms
[debug]             Load.loadTransitive: finalizeProject(Project(id final-project-build, base: C:\Users\ahmad\Desktop\tring big data\final-project\project, plugins: List(<none>))) took 4.4026ms
[debug] [Loading] Done in C:\Users\ahmad\Desktop\tring big data\final-project\project, returning: (final-project-build)
[debug]           Load.loadUnit: loadedProjectsRaw took 26.2004ms
[debug]           Load.loadUnit: cleanEvalClasses took 1.0134ms
[debug]         Load.loadUnit(file:/C:/Users/ahmad/Desktop/tring%20big%20data/final-project/project/, ...) took 50.2568ms
[debug]       Load.apply: load took 51.7612ms
[debug]       Load.apply: resolveProjects took 0.1045ms
[debug]       Load.apply: finalTransforms took 9.5274ms
[debug]       Load.apply: config.delegates took 0.5238ms
[debug]       Load.apply: Def.make(settings)... took 107.6977ms
[debug]       Load.apply: structureIndex took 23.3282ms
[debug]       Load.apply: mkStreams took 0.0023ms
[info] loading project definition from C:\Users\ahmad\Desktop\tring big data\final-project\project
[debug] Running task... Cancel: Signal, check cycles: false, forcegc: true
[debug]     Load.loadUnit: plugins took 453.4041ms
[debug]     Load.loadUnit: defsScala took 0.0019ms
[debug] [Loading] Scanning directory C:\Users\ahmad\Desktop\tring big data\final-project
[debug]       Load.loadUnit: mkEval took 0.3761ms
[debug] [Loading] Found root project root w/ remaining 
[debug] deducing auto plugins based on known facts Set(Atom(sbt.plugins.CorePlugin)) and clauses Clauses(Clause(Atom(sbt.plugins.JvmPlugin),Set(Atom(sbt.plugins.IvyPlugin)))
[debug] Clause(Atom(sbt.ScriptedPlugin),Set(Atom(sbt.plugins.JvmPlugin)))
[debug] Clause(Atom(sbt.plugins.SbtPlugin),Set(Atom(sbt.ScriptedPlugin)))
[debug] Clause(Atom(sbt.plugins.SemanticdbPlugin),Set(Atom(sbt.plugins.JvmPlugin)))
[debug] Clause(Atom(sbt.plugins.JUnitXmlReportPlugin),Set(Atom(sbt.plugins.JvmPlugin)))
[debug] Clause(Atom(sbt.plugins.MiniDependencyTreePlugin),Set(Atom(sbt.plugins.JvmPlugin)))
[debug] Clause(Atom(org.jetbrains.sbt.StructurePlugin),Set(Atom(sbt.plugins.JvmPlugin)))
[debug] Clause(Atom(org.jetbrains.sbt.IdeaShellPlugin),Set(Atom(sbt.plugins.JvmPlugin)))
[debug] Clause(Atom(sbt.plugins.CorePlugin),Set(Atom(sbt.plugins.IvyPlugin)))
[debug] Clause(Atom(sbt.plugins.IvyPlugin),Set(Atom(sbt.plugins.JvmPlugin)))
[debug] Clause(Atom(sbt.plugins.JvmPlugin),Set(Atom(sbt.plugins.SemanticdbPlugin)))
[debug] Clause(Atom(sbt.plugins.JvmPlugin),Set(Atom(sbt.plugins.JUnitXmlReportPlugin)))
[debug] Clause(Atom(sbt.plugins.CorePlugin),Set(Atom(sbt.plugins.Giter8TemplatePlugin)))
[debug] Clause(Atom(sbt.plugins.JvmPlugin),Set(Atom(sbt.plugins.MiniDependencyTreePlugin)))
[debug] Clause(Atom(sbt.plugins.JvmPlugin),Set(Atom(org.jetbrains.sbt.StructurePlugin)))
[debug] Clause(Atom(sbt.plugins.JvmPlugin),Set(Atom(org.jetbrains.sbt.IdeaShellPlugin))))
[debug]   :: deduced result: Matched(sbt.plugins.CorePlugin,sbt.plugins.Giter8TemplatePlugin,sbt.plugins.IvyPlugin,sbt.plugins.JvmPlugin,sbt.plugins.SemanticdbPlugin,sbt.plugins.JUnitXmlReportPlugin,org.jetbrains.sbt.IdeaShellPlugin,org.jetbrains.sbt.StructurePlugin,sbt.plugins.MiniDependencyTreePlugin)
[debug] Plugins.deducer#function took 1.1054 ms
[info] loading settings for project root from build.sbt...
[debug]         Load.resolveProject(root) took 30.7893ms
[debug]       Load.loadTransitive: finalizeProject(Project(id root, base: C:\Users\ahmad\Desktop\tring big data\final-project, plugins: List(<none>))) took 32.2684ms
[debug] [Loading] Done in C:\Users\ahmad\Desktop\tring big data\final-project, returning: (root)
[debug]     Load.loadUnit: loadedProjectsRaw took 71.3687ms
[debug]     Load.loadUnit: cleanEvalClasses took 0.9882ms
[debug]   Load.loadUnit(file:/C:/Users/ahmad/Desktop/tring%20big%20data/final-project/, ...) took 526.1769ms
[debug] Load.apply: load took 528.3781ms
[debug] Load.apply: resolveProjects took 0.1131ms
[debug] Load.apply: finalTransforms took 26.1133ms
[debug] Load.apply: config.delegates took 0.2258ms
[debug] Load.apply: Def.make(settings)... took 70.4897ms
[debug] Load.apply: structureIndex took 19.3545ms
[debug] Load.apply: mkStreams took 0.0018ms
[info] set current project to final-project (in build file:/C:/Users/ahmad/Desktop/tring%20big%20data/final-project/)
[debug] > Exec(sbtPopOnFailure, None, None)
[debug] > Exec(resumeFromFailure, None, None)
[debug] > Exec(set _root_.org.jetbrains.sbt.StructureKeys.sbtStructureOptions in Global := "download, resolveSourceClassifiers, resolveSbtClassifiers", None, None)
[info] Defining Global / sbtStructureOptions
[info] The new value will be used by Global / ssOptions
[debug] Defining 
[debug] 	Global / sbtStructureOptions
[debug] 
[debug] The new value will be used by 
[debug] 	Global / ssOptions
[info] Reapplying settings...
[info] set current project to final-project (in build file:/C:/Users/ahmad/Desktop/tring%20big%20data/final-project/)
[debug] > Exec(preferScala2, None, None)
[debug] > Exec(*/*:dumpStructureTo C:/Users/ahmad/AppData/Local/Temp/sbt-structure.xml, None, None)
[debug] Evaluating tasks: Global / dumpStructureTo
[warn] sbt 0.13 shell syntax is deprecated; use slash syntax instead: Global / dumpStructureTo
[debug] Running task... Cancel: Signal, check cycles: false, forcegc: true
[info] downloading https://repo1.maven.org/maven2/org/mongodb/spark/mongo-spark-connector_2.12/10.5.0/mongo-spark-connector_2.12-10.5.0-sources.jar
[info] downloading https://repo1.maven.org/maven2/org/mongodb/mongodb-driver-core/5.1.4/mongodb-driver-core-5.1.4-sources.jar
[info] downloading https://repo1.maven.org/maven2/org/mongodb/bson-record-codec/5.1.4/bson-record-codec-5.1.4-sources.jar
[info] downloading https://repo1.maven.org/maven2/org/mongodb/mongodb-driver-sync/5.1.4/mongodb-driver-sync-5.1.4-sources.jar
[info] downloading https://repo1.maven.org/maven2/org/mongodb/bson/5.1.4/bson-5.1.4-sources.jar
[info] downloaded https://repo1.maven.org/maven2/org/mongodb/bson-record-codec/5.1.4/bson-record-codec-5.1.4-sources.jar
[info] downloaded https://repo1.maven.org/maven2/org/mongodb/mongodb-driver-sync/5.1.4/mongodb-driver-sync-5.1.4-sources.jar
[info] downloaded https://repo1.maven.org/maven2/org/mongodb/bson/5.1.4/bson-5.1.4-sources.jar
[info] downloaded https://repo1.maven.org/maven2/org/mongodb/mongodb-driver-core/5.1.4/mongodb-driver-core-5.1.4-sources.jar
[info] downloaded https://repo1.maven.org/maven2/org/mongodb/spark/mongo-spark-connector_2.12/10.5.0/mongo-spark-connector_2.12-10.5.0-sources.jar
[info] Writing structure to C:\Users\ahmad\AppData\Local\Temp\sbt-structure.xml...
[info] Done.
[success] Total time: 19 s, completed Dec 22, 2025, 10:33:38 AM
[debug] > Exec(session clear-all, None, None)
[info] Reapplying settings...
[info] set current project to final-project (in build file:/C:/Users/ahmad/Desktop/tring%20big%20data/final-project/)
[debug] > Exec(idea-shell, None, None)
